#
# There is insufficient memory for the Java Runtime Environment to continue.
# Native memory allocation (malloc) failed to allocate 32744 bytes for Chunk::new
# Possible reasons:
#   The system is out of physical RAM or swap space
#   The process is running with CompressedOops enabled, and the Java Heap may be blocking the growth of the native heap
# Possible solutions:
#   Reduce memory load on the system
#   Increase physical memory or swap space
#   Check if swap backing store is full
#   Decrease Java heap size (-Xmx/-Xms)
#   Decrease number of Java threads
#   Decrease Java thread stack sizes (-Xss)
#   Set larger code cache with -XX:ReservedCodeCacheSize=
#   JVM is running with Unscaled Compressed Oops mode in which the Java heap is
#     placed in the first 4GB address space. The Java Heap base address is the
#     maximum limit for the native heap growth. Please use -XX:HeapBaseMinAddress
#     to set the Java Heap base and to place the Java Heap above 4GB virtual address.
# This output file may be truncated or incomplete.
#
#  Out of Memory Error (arena.cpp:184), pid=31484, tid=1828
#
# JRE version: Java(TM) SE Runtime Environment (18.0+36) (build 18+36-2087)
# Java VM: Java HotSpot(TM) 64-Bit Server VM (18+36-2087, mixed mode, sharing, tiered, compressed oops, compressed class ptrs, g1 gc, windows-amd64)
# No core dump will be written. Minidumps are not enabled by default on client versions of Windows
#

---------------  S U M M A R Y ------------

Command Line: -Dfile.encoding=UTF-8 -XX:+ShowCodeDetailsInExceptionMessages splash

Host: 11th Gen Intel(R) Core(TM) i5-1135G7 @ 2.40GHz, 8 cores, 7G,  Windows 11 , 64 bit Build 22000 (10.0.22000.708)
Time: Fri Jul  8 00:44:35 2022 India Standard Time elapsed time: 0.777503 seconds (0d 0h 0m 0s)

---------------  T H R E A D  ---------------

Current thread (0x0000027a7374f9e0):  JavaThread "main" [_thread_in_vm, id=1828, stack(0x00000090a4f00000,0x00000090a5000000)]

Stack: [0x00000090a4f00000,0x00000090a5000000]
Native frames: (J=compiled Java code, j=interpreted, Vv=VM code, C=native code)
V  [jvm.dll+0x69804a]
V  [jvm.dll+0x7f308d]
V  [jvm.dll+0x7f499e]
V  [jvm.dll+0x7f5053]
V  [jvm.dll+0x25ca3f]
V  [jvm.dll+0xb8c2f]
V  [jvm.dll+0xb8fa5]
V  [jvm.dll+0x71980d]
V  [jvm.dll+0x718a27]
V  [jvm.dll+0x7e4f7b]
V  [jvm.dll+0x7e0c1c]
V  [jvm.dll+0x392412]
V  [jvm.dll+0x3915a4]
V  [jvm.dll+0x391548]
V  [jvm.dll+0x3a0dba]
C  0x0000027a0001b7f7

Java frames: (J=compiled Java code, j=interpreted, Vv=VM code)
j  com.mysql.cj.jdbc.result.ResultSetFactory.createFromProtocolEntity(Lcom/mysql/cj/protocol/ProtocolEntity;)Lcom/mysql/cj/jdbc/result/ResultSetImpl;+7
j  com.mysql.cj.jdbc.result.ResultSetFactory.createFromProtocolEntity(Lcom/mysql/cj/protocol/ProtocolEntity;)Ljava/lang/Object;+2
j  com.mysql.cj.protocol.a.TextResultsetReader.read(IZLcom/mysql/cj/protocol/a/NativePacketPayload;Lcom/mysql/cj/protocol/ColumnDefinition;Lcom/mysql/cj/protocol/ProtocolEntityFactory;)Lcom/mysql/cj/protocol/Resultset;+320
j  com.mysql.cj.protocol.a.TextResultsetReader.read(IZLcom/mysql/cj/protocol/Message;Lcom/mysql/cj/protocol/ColumnDefinition;Lcom/mysql/cj/protocol/ProtocolEntityFactory;)Lcom/mysql/cj/protocol/ProtocolEntity;+11
j  com.mysql.cj.protocol.a.NativeProtocol.read(Ljava/lang/Class;IZLcom/mysql/cj/protocol/a/NativePacketPayload;ZLcom/mysql/cj/protocol/ColumnDefinition;Lcom/mysql/cj/protocol/ProtocolEntityFactory;)Lcom/mysql/cj/protocol/ProtocolEntity;+80
j  com.mysql.cj.protocol.a.NativeProtocol.readAllResults(IZLcom/mysql/cj/protocol/a/NativePacketPayload;ZLcom/mysql/cj/protocol/ColumnDefinition;Lcom/mysql/cj/protocol/ProtocolEntityFactory;)Lcom/mysql/cj/protocol/Resultset;+17
j  com.mysql.cj.protocol.a.NativeProtocol.sendQueryPacket(Lcom/mysql/cj/Query;Lcom/mysql/cj/protocol/a/NativePacketPayload;IZLcom/mysql/cj/protocol/ColumnDefinition;Lcom/mysql/cj/protocol/ProtocolEntityFactory;)Lcom/mysql/cj/protocol/Resultset;+277
j  com.mysql.cj.protocol.a.NativeProtocol.sendQueryString(Lcom/mysql/cj/Query;Ljava/lang/String;Ljava/lang/String;IZLcom/mysql/cj/protocol/ColumnDefinition;Lcom/mysql/cj/protocol/ProtocolEntityFactory;)Lcom/mysql/cj/protocol/Resultset;+634
j  com.mysql.cj.NativeSession.execSQL(Lcom/mysql/cj/Query;Ljava/lang/String;ILcom/mysql/cj/protocol/a/NativePacketPayload;ZLcom/mysql/cj/protocol/ProtocolEntityFactory;Lcom/mysql/cj/protocol/ColumnDefinition;Z)Lcom/mysql/cj/protocol/Resultset;+161
j  com.mysql.cj.jdbc.ConnectionImpl.setAutoCommit(Z)V+200
j  com.mysql.cj.jdbc.ConnectionImpl.handleAutoCommitDefaults()V+88
j  com.mysql.cj.jdbc.ConnectionImpl.initializePropsFromServer()V+193
j  com.mysql.cj.jdbc.ConnectionImpl.connectOneTryOnly(Z)V+72
j  com.mysql.cj.jdbc.ConnectionImpl.createNewIO(Z)V+27
j  com.mysql.cj.jdbc.ConnectionImpl.<init>(Lcom/mysql/cj/conf/HostInfo;)V+753
j  com.mysql.cj.jdbc.ConnectionImpl.getInstance(Lcom/mysql/cj/conf/HostInfo;)Lcom/mysql/cj/jdbc/JdbcConnection;+5
j  com.mysql.cj.jdbc.NonRegisteringDriver.connect(Ljava/lang/String;Ljava/util/Properties;)Ljava/sql/Connection;+72
j  java.sql.DriverManager.getConnection(Ljava/lang/String;Ljava/util/Properties;Ljava/lang/Class;)Ljava/sql/Connection;+133 java.sql@18
j  java.sql.DriverManager.getConnection(Ljava/lang/String;Ljava/lang/String;Ljava/lang/String;)Ljava/sql/Connection;+37 java.sql@18
j  Bill.<init>()V+17
j  splash.<init>()V+90
j  splash.main([Ljava/lang/String;)V+3
v  ~StubRoutines::call_stub

---------------  P R O C E S S  ---------------

Threads class SMR info:
_java_thread_list=0x0000027a18e74150, length=18, elements={
0x0000027a7374f9e0, 0x0000027a1379a620, 0x0000027a1379cee0, 0x0000027a137b5530,
0x0000027a137b5de0, 0x0000027a137b86a0, 0x0000027a137bd7d0, 0x0000027a137c3b10,
0x0000027a137cc410, 0x0000027a137ced10, 0x0000027a17c981e0, 0x0000027a17cc0940,
0x0000027a17ed3ae0, 0x0000027a17d30380, 0x0000027a17ea6000, 0x0000027a17f50de0,
0x0000027a17f728d0, 0x0000027a17f72de0
}

Java Threads: ( => current thread )
=>0x0000027a7374f9e0 JavaThread "main" [_thread_in_vm, id=1828, stack(0x00000090a4f00000,0x00000090a5000000)]
  0x0000027a1379a620 JavaThread "Reference Handler" daemon [_thread_blocked, id=29248, stack(0x00000090a5600000,0x00000090a5700000)]
  0x0000027a1379cee0 JavaThread "Finalizer" daemon [_thread_blocked, id=30784, stack(0x00000090a5700000,0x00000090a5800000)]
  0x0000027a137b5530 JavaThread "Signal Dispatcher" daemon [_thread_blocked, id=11876, stack(0x00000090a5800000,0x00000090a5900000)]
  0x0000027a137b5de0 JavaThread "Attach Listener" daemon [_thread_blocked, id=29652, stack(0x00000090a5900000,0x00000090a5a00000)]
  0x0000027a137b86a0 JavaThread "Service Thread" daemon [_thread_blocked, id=22880, stack(0x00000090a5a00000,0x00000090a5b00000)]
  0x0000027a137bd7d0 JavaThread "Monitor Deflation Thread" daemon [_thread_blocked, id=28536, stack(0x00000090a5b00000,0x00000090a5c00000)]
  0x0000027a137c3b10 JavaThread "C2 CompilerThread0" daemon [_thread_blocked, id=31020, stack(0x00000090a5c00000,0x00000090a5d00000)]
  0x0000027a137cc410 JavaThread "C1 CompilerThread0" daemon [_thread_blocked, id=31388, stack(0x00000090a5d00000,0x00000090a5e00000)]
  0x0000027a137ced10 JavaThread "Sweeper thread" daemon [_thread_blocked, id=27736, stack(0x00000090a5e00000,0x00000090a5f00000)]
  0x0000027a17c981e0 JavaThread "Notification Thread" daemon [_thread_blocked, id=25236, stack(0x00000090a5f00000,0x00000090a6000000)]
  0x0000027a17cc0940 JavaThread "Common-Cleaner" daemon [_thread_blocked, id=29128, stack(0x00000090a6100000,0x00000090a6200000)]
  0x0000027a17ed3ae0 JavaThread "Java2D Disposer" daemon [_thread_blocked, id=20364, stack(0x00000090a6200000,0x00000090a6300000)]
  0x0000027a17d30380 JavaThread "AWT-Shutdown" [_thread_blocked, id=8760, stack(0x00000090a6300000,0x00000090a6400000)]
  0x0000027a17ea6000 JavaThread "AWT-Windows" daemon [_thread_in_native, id=9152, stack(0x00000090a6400000,0x00000090a6500000)]
  0x0000027a17f50de0 JavaThread "mysql-cj-abandoned-connection-cleanup" daemon [_thread_blocked, id=30848, stack(0x00000090a6500000,0x00000090a6600000)]
  0x0000027a17f728d0 JavaThread "C2 CompilerThread1" daemon [_thread_blocked, id=23204, stack(0x00000090a6600000,0x00000090a6700000)]
  0x0000027a17f72de0 JavaThread "C2 CompilerThread2" daemon [_thread_blocked, id=30504, stack(0x00000090a6700000,0x00000090a6800000)]

Other Threads:
  0x0000027a13797eb0 VMThread "VM Thread" [stack: 0x00000090a5500000,0x00000090a5600000] [id=21908]
  0x0000027a17cbc6c0 WatcherThread "VM Periodic Task Thread" [stack: 0x00000090a6000000,0x00000090a6100000] [id=25128]
  0x0000027a737aea10 WorkerThread "GC Thread#0" [stack: 0x00000090a5000000,0x00000090a5100000] [id=31248]
  0x0000027a737bf670 ConcurrentGCThread "G1 Main Marker" [stack: 0x00000090a5100000,0x00000090a5200000] [id=31556]
  0x0000027a737bfe70 WorkerThread "G1 Conc#0" [stack: 0x00000090a5200000,0x00000090a5300000] [id=29392]
  0x0000027a7380dc40 ConcurrentGCThread "G1 Refine#0" [stack: 0x00000090a5300000,0x00000090a5400000] [id=29088]
  0x0000027a7380e460 ConcurrentGCThread "G1 Service" [stack: 0x00000090a5400000,0x00000090a5500000] [id=17252]

Threads with active compile tasks:

VM state: not at safepoint (normal execution)

VM Mutex/Monitor currently owned by a thread: None

Heap address: 0x0000000084400000, size: 1980 MB, Compressed Oops mode: 32-bit

CDS archive(s) mapped at: [0x0000000800000000-0x0000000800ba0000-0x0000000800ba0000), size 12189696, SharedBaseAddress: 0x0000000800000000, ArchiveRelocationMode: 0.
Compressed class space mapped at: 0x0000000800c00000-0x0000000840c00000, reserved size: 1073741824
Narrow klass base: 0x0000000800000000, Narrow klass shift: 0, Narrow klass range: 0x100000000

GC Precious Log:
 CardTable entry size: 512
 Card Set container configuration: InlinePtr #cards 5 size 8 Array Of Cards #cards 12 size 40 Howl #buckets 4 coarsen threshold 1843 Howl Bitmap #cards 512 size 80 coarsen threshold 460 Card regions per heap region 1 cards per card region 2048
 CPUs: 8 total, 8 available
 Memory: 7914M
 Large Page Support: Disabled
 NUMA Support: Disabled
 Compressed Oops: Enabled (32-bit)
 Heap Region Size: 1M
 Heap Min Capacity: 8M
 Heap Initial Capacity: 124M
 Heap Max Capacity: 1980M
 Pre-touch: Disabled
 Parallel Workers: 8
 Concurrent Workers: 2
 Concurrent Refinement Workers: 8
 Periodic GC: Disabled

Heap:
 garbage-first heap   total 126976K, used 17408K [0x0000000084400000, 0x0000000100000000)
  region size 1024K, 19 young (19456K), 0 survivors (0K)
 Metaspace       used 13002K, committed 13248K, reserved 1114112K
  class space    used 1402K, committed 1536K, reserved 1048576K

Heap Regions: E=young(eden), S=young(survivor), O=old, HS=humongous(starts), HC=humongous(continues), CS=collection set, F=free, OA=open archive, CA=closed archive, TAMS=top-at-mark-start (previous, next)
|   0|0x0000000084400000, 0x0000000084400000, 0x0000000084500000|  0%| F|  |TAMS 0x0000000084400000, 0x0000000084400000| Untracked 
|   1|0x0000000084500000, 0x0000000084500000, 0x0000000084600000|  0%| F|  |TAMS 0x0000000084500000, 0x0000000084500000| Untracked 
|   2|0x0000000084600000, 0x0000000084600000, 0x0000000084700000|  0%| F|  |TAMS 0x0000000084600000, 0x0000000084600000| Untracked 
|   3|0x0000000084700000, 0x0000000084700000, 0x0000000084800000|  0%| F|  |TAMS 0x0000000084700000, 0x0000000084700000| Untracked 
|   4|0x0000000084800000, 0x0000000084800000, 0x0000000084900000|  0%| F|  |TAMS 0x0000000084800000, 0x0000000084800000| Untracked 
|   5|0x0000000084900000, 0x0000000084900000, 0x0000000084a00000|  0%| F|  |TAMS 0x0000000084900000, 0x0000000084900000| Untracked 
|   6|0x0000000084a00000, 0x0000000084a00000, 0x0000000084b00000|  0%| F|  |TAMS 0x0000000084a00000, 0x0000000084a00000| Untracked 
|   7|0x0000000084b00000, 0x0000000084b00000, 0x0000000084c00000|  0%| F|  |TAMS 0x0000000084b00000, 0x0000000084b00000| Untracked 
|   8|0x0000000084c00000, 0x0000000084c00000, 0x0000000084d00000|  0%| F|  |TAMS 0x0000000084c00000, 0x0000000084c00000| Untracked 
|   9|0x0000000084d00000, 0x0000000084d00000, 0x0000000084e00000|  0%| F|  |TAMS 0x0000000084d00000, 0x0000000084d00000| Untracked 
|  10|0x0000000084e00000, 0x0000000084e00000, 0x0000000084f00000|  0%| F|  |TAMS 0x0000000084e00000, 0x0000000084e00000| Untracked 
|  11|0x0000000084f00000, 0x0000000084f00000, 0x0000000085000000|  0%| F|  |TAMS 0x0000000084f00000, 0x0000000084f00000| Untracked 
|  12|0x0000000085000000, 0x0000000085000000, 0x0000000085100000|  0%| F|  |TAMS 0x0000000085000000, 0x0000000085000000| Untracked 
|  13|0x0000000085100000, 0x0000000085100000, 0x0000000085200000|  0%| F|  |TAMS 0x0000000085100000, 0x0000000085100000| Untracked 
|  14|0x0000000085200000, 0x0000000085200000, 0x0000000085300000|  0%| F|  |TAMS 0x0000000085200000, 0x0000000085200000| Untracked 
|  15|0x0000000085300000, 0x0000000085300000, 0x0000000085400000|  0%| F|  |TAMS 0x0000000085300000, 0x0000000085300000| Untracked 
|  16|0x0000000085400000, 0x0000000085400000, 0x0000000085500000|  0%| F|  |TAMS 0x0000000085400000, 0x0000000085400000| Untracked 
|  17|0x0000000085500000, 0x0000000085500000, 0x0000000085600000|  0%| F|  |TAMS 0x0000000085500000, 0x0000000085500000| Untracked 
|  18|0x0000000085600000, 0x0000000085600000, 0x0000000085700000|  0%| F|  |TAMS 0x0000000085600000, 0x0000000085600000| Untracked 
|  19|0x0000000085700000, 0x0000000085700000, 0x0000000085800000|  0%| F|  |TAMS 0x0000000085700000, 0x0000000085700000| Untracked 
|  20|0x0000000085800000, 0x0000000085800000, 0x0000000085900000|  0%| F|  |TAMS 0x0000000085800000, 0x0000000085800000| Untracked 
|  21|0x0000000085900000, 0x0000000085900000, 0x0000000085a00000|  0%| F|  |TAMS 0x0000000085900000, 0x0000000085900000| Untracked 
|  22|0x0000000085a00000, 0x0000000085a00000, 0x0000000085b00000|  0%| F|  |TAMS 0x0000000085a00000, 0x0000000085a00000| Untracked 
|  23|0x0000000085b00000, 0x0000000085b00000, 0x0000000085c00000|  0%| F|  |TAMS 0x0000000085b00000, 0x0000000085b00000| Untracked 
|  24|0x0000000085c00000, 0x0000000085c00000, 0x0000000085d00000|  0%| F|  |TAMS 0x0000000085c00000, 0x0000000085c00000| Untracked 
|  25|0x0000000085d00000, 0x0000000085d00000, 0x0000000085e00000|  0%| F|  |TAMS 0x0000000085d00000, 0x0000000085d00000| Untracked 
|  26|0x0000000085e00000, 0x0000000085e00000, 0x0000000085f00000|  0%| F|  |TAMS 0x0000000085e00000, 0x0000000085e00000| Untracked 
|  27|0x0000000085f00000, 0x0000000085f00000, 0x0000000086000000|  0%| F|  |TAMS 0x0000000085f00000, 0x0000000085f00000| Untracked 
|  28|0x0000000086000000, 0x0000000086000000, 0x0000000086100000|  0%| F|  |TAMS 0x0000000086000000, 0x0000000086000000| Untracked 
|  29|0x0000000086100000, 0x0000000086100000, 0x0000000086200000|  0%| F|  |TAMS 0x0000000086100000, 0x0000000086100000| Untracked 
|  30|0x0000000086200000, 0x0000000086200000, 0x0000000086300000|  0%| F|  |TAMS 0x0000000086200000, 0x0000000086200000| Untracked 
|  31|0x0000000086300000, 0x0000000086300000, 0x0000000086400000|  0%| F|  |TAMS 0x0000000086300000, 0x0000000086300000| Untracked 
|  32|0x0000000086400000, 0x0000000086400000, 0x0000000086500000|  0%| F|  |TAMS 0x0000000086400000, 0x0000000086400000| Untracked 
|  33|0x0000000086500000, 0x0000000086500000, 0x0000000086600000|  0%| F|  |TAMS 0x0000000086500000, 0x0000000086500000| Untracked 
|  34|0x0000000086600000, 0x0000000086600000, 0x0000000086700000|  0%| F|  |TAMS 0x0000000086600000, 0x0000000086600000| Untracked 
|  35|0x0000000086700000, 0x0000000086700000, 0x0000000086800000|  0%| F|  |TAMS 0x0000000086700000, 0x0000000086700000| Untracked 
|  36|0x0000000086800000, 0x0000000086800000, 0x0000000086900000|  0%| F|  |TAMS 0x0000000086800000, 0x0000000086800000| Untracked 
|  37|0x0000000086900000, 0x0000000086900000, 0x0000000086a00000|  0%| F|  |TAMS 0x0000000086900000, 0x0000000086900000| Untracked 
|  38|0x0000000086a00000, 0x0000000086a00000, 0x0000000086b00000|  0%| F|  |TAMS 0x0000000086a00000, 0x0000000086a00000| Untracked 
|  39|0x0000000086b00000, 0x0000000086b00000, 0x0000000086c00000|  0%| F|  |TAMS 0x0000000086b00000, 0x0000000086b00000| Untracked 
|  40|0x0000000086c00000, 0x0000000086c00000, 0x0000000086d00000|  0%| F|  |TAMS 0x0000000086c00000, 0x0000000086c00000| Untracked 
|  41|0x0000000086d00000, 0x0000000086d00000, 0x0000000086e00000|  0%| F|  |TAMS 0x0000000086d00000, 0x0000000086d00000| Untracked 
|  42|0x0000000086e00000, 0x0000000086e00000, 0x0000000086f00000|  0%| F|  |TAMS 0x0000000086e00000, 0x0000000086e00000| Untracked 
|  43|0x0000000086f00000, 0x0000000086f00000, 0x0000000087000000|  0%| F|  |TAMS 0x0000000086f00000, 0x0000000086f00000| Untracked 
|  44|0x0000000087000000, 0x0000000087000000, 0x0000000087100000|  0%| F|  |TAMS 0x0000000087000000, 0x0000000087000000| Untracked 
|  45|0x0000000087100000, 0x0000000087100000, 0x0000000087200000|  0%| F|  |TAMS 0x0000000087100000, 0x0000000087100000| Untracked 
|  46|0x0000000087200000, 0x0000000087200000, 0x0000000087300000|  0%| F|  |TAMS 0x0000000087200000, 0x0000000087200000| Untracked 
|  47|0x0000000087300000, 0x0000000087300000, 0x0000000087400000|  0%| F|  |TAMS 0x0000000087300000, 0x0000000087300000| Untracked 
|  48|0x0000000087400000, 0x0000000087400000, 0x0000000087500000|  0%| F|  |TAMS 0x0000000087400000, 0x0000000087400000| Untracked 
|  49|0x0000000087500000, 0x0000000087500000, 0x0000000087600000|  0%| F|  |TAMS 0x0000000087500000, 0x0000000087500000| Untracked 
|  50|0x0000000087600000, 0x0000000087600000, 0x0000000087700000|  0%| F|  |TAMS 0x0000000087600000, 0x0000000087600000| Untracked 
|  51|0x0000000087700000, 0x0000000087700000, 0x0000000087800000|  0%| F|  |TAMS 0x0000000087700000, 0x0000000087700000| Untracked 
|  52|0x0000000087800000, 0x0000000087800000, 0x0000000087900000|  0%| F|  |TAMS 0x0000000087800000, 0x0000000087800000| Untracked 
|  53|0x0000000087900000, 0x0000000087900000, 0x0000000087a00000|  0%| F|  |TAMS 0x0000000087900000, 0x0000000087900000| Untracked 
|  54|0x0000000087a00000, 0x0000000087a00000, 0x0000000087b00000|  0%| F|  |TAMS 0x0000000087a00000, 0x0000000087a00000| Untracked 
|  55|0x0000000087b00000, 0x0000000087b00000, 0x0000000087c00000|  0%| F|  |TAMS 0x0000000087b00000, 0x0000000087b00000| Untracked 
|  56|0x0000000087c00000, 0x0000000087c00000, 0x0000000087d00000|  0%| F|  |TAMS 0x0000000087c00000, 0x0000000087c00000| Untracked 
|  57|0x0000000087d00000, 0x0000000087d00000, 0x0000000087e00000|  0%| F|  |TAMS 0x0000000087d00000, 0x0000000087d00000| Untracked 
|  58|0x0000000087e00000, 0x0000000087e00000, 0x0000000087f00000|  0%| F|  |TAMS 0x0000000087e00000, 0x0000000087e00000| Untracked 
|  59|0x0000000087f00000, 0x0000000087f00000, 0x0000000088000000|  0%| F|  |TAMS 0x0000000087f00000, 0x0000000087f00000| Untracked 
|  60|0x0000000088000000, 0x0000000088000000, 0x0000000088100000|  0%| F|  |TAMS 0x0000000088000000, 0x0000000088000000| Untracked 
|  61|0x0000000088100000, 0x0000000088100000, 0x0000000088200000|  0%| F|  |TAMS 0x0000000088100000, 0x0000000088100000| Untracked 
|  62|0x0000000088200000, 0x0000000088200000, 0x0000000088300000|  0%| F|  |TAMS 0x0000000088200000, 0x0000000088200000| Untracked 
|  63|0x0000000088300000, 0x0000000088300000, 0x0000000088400000|  0%| F|  |TAMS 0x0000000088300000, 0x0000000088300000| Untracked 
|  64|0x0000000088400000, 0x0000000088400000, 0x0000000088500000|  0%| F|  |TAMS 0x0000000088400000, 0x0000000088400000| Untracked 
|  65|0x0000000088500000, 0x0000000088500000, 0x0000000088600000|  0%| F|  |TAMS 0x0000000088500000, 0x0000000088500000| Untracked 
|  66|0x0000000088600000, 0x0000000088600000, 0x0000000088700000|  0%| F|  |TAMS 0x0000000088600000, 0x0000000088600000| Untracked 
|  67|0x0000000088700000, 0x0000000088700000, 0x0000000088800000|  0%| F|  |TAMS 0x0000000088700000, 0x0000000088700000| Untracked 
|  68|0x0000000088800000, 0x0000000088800000, 0x0000000088900000|  0%| F|  |TAMS 0x0000000088800000, 0x0000000088800000| Untracked 
|  69|0x0000000088900000, 0x0000000088900000, 0x0000000088a00000|  0%| F|  |TAMS 0x0000000088900000, 0x0000000088900000| Untracked 
|  70|0x0000000088a00000, 0x0000000088a00000, 0x0000000088b00000|  0%| F|  |TAMS 0x0000000088a00000, 0x0000000088a00000| Untracked 
|  71|0x0000000088b00000, 0x0000000088b00000, 0x0000000088c00000|  0%| F|  |TAMS 0x0000000088b00000, 0x0000000088b00000| Untracked 
|  72|0x0000000088c00000, 0x0000000088c00000, 0x0000000088d00000|  0%| F|  |TAMS 0x0000000088c00000, 0x0000000088c00000| Untracked 
|  73|0x0000000088d00000, 0x0000000088d00000, 0x0000000088e00000|  0%| F|  |TAMS 0x0000000088d00000, 0x0000000088d00000| Untracked 
|  74|0x0000000088e00000, 0x0000000088e00000, 0x0000000088f00000|  0%| F|  |TAMS 0x0000000088e00000, 0x0000000088e00000| Untracked 
|  75|0x0000000088f00000, 0x0000000088f00000, 0x0000000089000000|  0%| F|  |TAMS 0x0000000088f00000, 0x0000000088f00000| Untracked 
|  76|0x0000000089000000, 0x0000000089000000, 0x0000000089100000|  0%| F|  |TAMS 0x0000000089000000, 0x0000000089000000| Untracked 
|  77|0x0000000089100000, 0x0000000089100000, 0x0000000089200000|  0%| F|  |TAMS 0x0000000089100000, 0x0000000089100000| Untracked 
|  78|0x0000000089200000, 0x0000000089200000, 0x0000000089300000|  0%| F|  |TAMS 0x0000000089200000, 0x0000000089200000| Untracked 
|  79|0x0000000089300000, 0x0000000089300000, 0x0000000089400000|  0%| F|  |TAMS 0x0000000089300000, 0x0000000089300000| Untracked 
|  80|0x0000000089400000, 0x0000000089400000, 0x0000000089500000|  0%| F|  |TAMS 0x0000000089400000, 0x0000000089400000| Untracked 
|  81|0x0000000089500000, 0x0000000089500000, 0x0000000089600000|  0%| F|  |TAMS 0x0000000089500000, 0x0000000089500000| Untracked 
|  82|0x0000000089600000, 0x0000000089600000, 0x0000000089700000|  0%| F|  |TAMS 0x0000000089600000, 0x0000000089600000| Untracked 
|  83|0x0000000089700000, 0x0000000089700000, 0x0000000089800000|  0%| F|  |TAMS 0x0000000089700000, 0x0000000089700000| Untracked 
|  84|0x0000000089800000, 0x0000000089800000, 0x0000000089900000|  0%| F|  |TAMS 0x0000000089800000, 0x0000000089800000| Untracked 
|  85|0x0000000089900000, 0x0000000089900000, 0x0000000089a00000|  0%| F|  |TAMS 0x0000000089900000, 0x0000000089900000| Untracked 
|  86|0x0000000089a00000, 0x0000000089a00000, 0x0000000089b00000|  0%| F|  |TAMS 0x0000000089a00000, 0x0000000089a00000| Untracked 
|  87|0x0000000089b00000, 0x0000000089b00000, 0x0000000089c00000|  0%| F|  |TAMS 0x0000000089b00000, 0x0000000089b00000| Untracked 
|  88|0x0000000089c00000, 0x0000000089c00000, 0x0000000089d00000|  0%| F|  |TAMS 0x0000000089c00000, 0x0000000089c00000| Untracked 
|  89|0x0000000089d00000, 0x0000000089d00000, 0x0000000089e00000|  0%| F|  |TAMS 0x0000000089d00000, 0x0000000089d00000| Untracked 
|  90|0x0000000089e00000, 0x0000000089e00000, 0x0000000089f00000|  0%| F|  |TAMS 0x0000000089e00000, 0x0000000089e00000| Untracked 
|  91|0x0000000089f00000, 0x0000000089f00000, 0x000000008a000000|  0%| F|  |TAMS 0x0000000089f00000, 0x0000000089f00000| Untracked 
|  92|0x000000008a000000, 0x000000008a000000, 0x000000008a100000|  0%| F|  |TAMS 0x000000008a000000, 0x000000008a000000| Untracked 
|  93|0x000000008a100000, 0x000000008a100000, 0x000000008a200000|  0%| F|  |TAMS 0x000000008a100000, 0x000000008a100000| Untracked 
|  94|0x000000008a200000, 0x000000008a200000, 0x000000008a300000|  0%| F|  |TAMS 0x000000008a200000, 0x000000008a200000| Untracked 
|  95|0x000000008a300000, 0x000000008a300000, 0x000000008a400000|  0%| F|  |TAMS 0x000000008a300000, 0x000000008a300000| Untracked 
|  96|0x000000008a400000, 0x000000008a400000, 0x000000008a500000|  0%| F|  |TAMS 0x000000008a400000, 0x000000008a400000| Untracked 
|  97|0x000000008a500000, 0x000000008a500000, 0x000000008a600000|  0%| F|  |TAMS 0x000000008a500000, 0x000000008a500000| Untracked 
|  98|0x000000008a600000, 0x000000008a600000, 0x000000008a700000|  0%| F|  |TAMS 0x000000008a600000, 0x000000008a600000| Untracked 
|  99|0x000000008a700000, 0x000000008a700000, 0x000000008a800000|  0%| F|  |TAMS 0x000000008a700000, 0x000000008a700000| Untracked 
| 100|0x000000008a800000, 0x000000008a800000, 0x000000008a900000|  0%| F|  |TAMS 0x000000008a800000, 0x000000008a800000| Untracked 
| 101|0x000000008a900000, 0x000000008a900000, 0x000000008aa00000|  0%| F|  |TAMS 0x000000008a900000, 0x000000008a900000| Untracked 
| 102|0x000000008aa00000, 0x000000008aa00000, 0x000000008ab00000|  0%| F|  |TAMS 0x000000008aa00000, 0x000000008aa00000| Untracked 
| 103|0x000000008ab00000, 0x000000008ab00000, 0x000000008ac00000|  0%| F|  |TAMS 0x000000008ab00000, 0x000000008ab00000| Untracked 
| 104|0x000000008ac00000, 0x000000008ac00000, 0x000000008ad00000|  0%| F|  |TAMS 0x000000008ac00000, 0x000000008ac00000| Untracked 
| 105|0x000000008ad00000, 0x000000008ad76a58, 0x000000008ae00000| 46%| E|  |TAMS 0x000000008ad00000, 0x000000008ad00000| Complete 
| 106|0x000000008ae00000, 0x000000008af00000, 0x000000008af00000|100%| E|CS|TAMS 0x000000008ae00000, 0x000000008ae00000| Complete 
| 107|0x000000008af00000, 0x000000008b000000, 0x000000008b000000|100%| E|CS|TAMS 0x000000008af00000, 0x000000008af00000| Complete 
| 108|0x000000008b000000, 0x000000008b100000, 0x000000008b100000|100%| E|CS|TAMS 0x000000008b000000, 0x000000008b000000| Complete 
| 109|0x000000008b100000, 0x000000008b200000, 0x000000008b200000|100%| E|CS|TAMS 0x000000008b100000, 0x000000008b100000| Complete 
| 110|0x000000008b200000, 0x000000008b300000, 0x000000008b300000|100%| E|CS|TAMS 0x000000008b200000, 0x000000008b200000| Complete 
| 111|0x000000008b300000, 0x000000008b400000, 0x000000008b400000|100%| E|CS|TAMS 0x000000008b300000, 0x000000008b300000| Complete 
| 112|0x000000008b400000, 0x000000008b500000, 0x000000008b500000|100%| E|CS|TAMS 0x000000008b400000, 0x000000008b400000| Complete 
| 113|0x000000008b500000, 0x000000008b600000, 0x000000008b600000|100%| E|CS|TAMS 0x000000008b500000, 0x000000008b500000| Complete 
| 114|0x000000008b600000, 0x000000008b700000, 0x000000008b700000|100%| E|CS|TAMS 0x000000008b600000, 0x000000008b600000| Complete 
| 115|0x000000008b700000, 0x000000008b800000, 0x000000008b800000|100%| E|  |TAMS 0x000000008b700000, 0x000000008b700000| Complete 
| 116|0x000000008b800000, 0x000000008b900000, 0x000000008b900000|100%| E|CS|TAMS 0x000000008b800000, 0x000000008b800000| Complete 
| 117|0x000000008b900000, 0x000000008ba00000, 0x000000008ba00000|100%| E|CS|TAMS 0x000000008b900000, 0x000000008b900000| Complete 
| 118|0x000000008ba00000, 0x000000008bb00000, 0x000000008bb00000|100%| E|CS|TAMS 0x000000008ba00000, 0x000000008ba00000| Complete 
| 119|0x000000008bb00000, 0x000000008bc00000, 0x000000008bc00000|100%| E|CS|TAMS 0x000000008bb00000, 0x000000008bb00000| Complete 
| 120|0x000000008bc00000, 0x000000008bd00000, 0x000000008bd00000|100%| E|CS|TAMS 0x000000008bc00000, 0x000000008bc00000| Complete 
| 121|0x000000008bd00000, 0x000000008be00000, 0x000000008be00000|100%| E|CS|TAMS 0x000000008bd00000, 0x000000008bd00000| Complete 
| 122|0x000000008be00000, 0x000000008bf00000, 0x000000008bf00000|100%| E|CS|TAMS 0x000000008be00000, 0x000000008be00000| Complete 
| 123|0x000000008bf00000, 0x000000008c000000, 0x000000008c000000|100%| E|CS|TAMS 0x000000008bf00000, 0x000000008bf00000| Complete 

Card table byte_map: [0x0000027a7d6d0000,0x0000027a7dab0000] _byte_map_base: 0x0000027a7d2ae000

Marking Bits (Prev, Next): (CMBitMap*) 0x0000027a737aee20, (CMBitMap*) 0x0000027a737aee60
 Prev Bits: [0x0000027a7de90000, 0x0000027a7fd80000)
 Next Bits: [0x0000027a0f000000, 0x0000027a10ef0000)

Polling page: 0x0000027a73820000

Metaspace:

Usage:
  Non-class:     11.33 MB used.
      Class:      1.37 MB used.
       Both:     12.70 MB used.

Virtual space:
  Non-class space:       64.00 MB reserved,      11.44 MB ( 18%) committed,  1 nodes.
      Class space:        1.00 GB reserved,       1.50 MB ( <1%) committed,  1 nodes.
             Both:        1.06 GB reserved,      12.94 MB (  1%) committed. 

Chunk freelists:
   Non-Class:  176.00 KB
       Class:  2.53 MB
        Both:  2.70 MB

MaxMetaspaceSize: unlimited
CompressedClassSpaceSize: 1.00 GB
Initial GC threshold: 21.00 MB
Current GC threshold: 21.00 MB
CDS: on
MetaspaceReclaimPolicy: balanced
 - commit_granule_bytes: 65536.
 - commit_granule_words: 8192.
 - virtual_space_node_default_size: 8388608.
 - enlarge_chunks_in_place: 1.
 - new_chunks_are_fully_committed: 0.
 - uncommit_free_chunks: 1.
 - use_allocation_guard: 0.


Internal statistics:

num_allocs_failed_limit: 0.
num_arena_births: 136.
num_arena_deaths: 0.
num_vsnodes_births: 2.
num_vsnodes_deaths: 0.
num_space_committed: 207.
num_space_uncommitted: 0.
num_chunks_returned_to_freelist: 0.
num_chunks_taken_from_freelist: 323.
num_chunk_merges: 0.
num_chunk_splits: 192.
num_chunks_enlarged: 108.
num_inconsistent_stats: 0.

CodeHeap 'non-profiled nmethods': size=120000Kb used=469Kb max_used=469Kb free=119530Kb
 bounds [0x0000027a07ad0000, 0x0000027a07d40000, 0x0000027a0f000000]
CodeHeap 'profiled nmethods': size=120000Kb used=2366Kb max_used=2366Kb free=117633Kb
 bounds [0x0000027a005a0000, 0x0000027a00810000, 0x0000027a07ad0000]
CodeHeap 'non-nmethods': size=5760Kb used=1295Kb max_used=1324Kb free=4465Kb
 bounds [0x0000027a00000000, 0x0000027a00270000, 0x0000027a005a0000]
 total_blobs=1924 nmethods=1329 adapters=508
 compilation: enabled
              stopped_count=0, restarted_count=0
 full_count=0

Compilation events (20 events):
Event: 0.755 Thread 0x0000027a137cc410 nmethod 1309 0x0000027a007d6210 code [0x0000027a007d63a0, 0x0000027a007d64e8]
Event: 0.755 Thread 0x0000027a137cc410 1310       3       com.sun.crypto.provider.GHASH::processBlock (37 bytes)
Event: 0.756 Thread 0x0000027a137cc410 nmethod 1310 0x0000027a007d6590 code [0x0000027a007d6820, 0x0000027a007d73e8]
Event: 0.756 Thread 0x0000027a137cc410 1311       3       com.sun.crypto.provider.CounterMode::increment (28 bytes)
Event: 0.756 Thread 0x0000027a137cc410 nmethod 1311 0x0000027a007d7910 code [0x0000027a007d7ac0, 0x0000027a007d7cb8]
Event: 0.757 Thread 0x0000027a137cc410 1312       3       java.io.RandomAccessFile::readFully (45 bytes)
Event: 0.758 Thread 0x0000027a137cc410 nmethod 1312 0x0000027a007d7d90 code [0x0000027a007d7f60, 0x0000027a007d8338]
Event: 0.758 Thread 0x0000027a137cc410 1313       3       java.util.zip.ZipFile$ZipFileInflaterInputStream::fill (80 bytes)
Event: 0.758 Thread 0x0000027a137cc410 nmethod 1313 0x0000027a007d8510 code [0x0000027a007d86e0, 0x0000027a007d8ac8]
Event: 0.758 Thread 0x0000027a137cc410 1314   !   3       java.util.zip.ZipFile$ZipFileInputStream::read (135 bytes)
Event: 0.759 Thread 0x0000027a137cc410 nmethod 1314 0x0000027a007d8c90 code [0x0000027a007d8ea0, 0x0000027a007d9538]
Event: 0.759 Thread 0x0000027a137cc410 1315       3       java.util.zip.ZipFile::ensureOpenOrZipException (19 bytes)
Event: 0.759 Thread 0x0000027a137cc410 nmethod 1315 0x0000027a007d9890 code [0x0000027a007d9a40, 0x0000027a007d9c08]
Event: 0.760 Thread 0x0000027a137cc410 1316       3       java.util.zip.Checksum::update (11 bytes)
Event: 0.760 Thread 0x0000027a137cc410 nmethod 1316 0x0000027a007d9d10 code [0x0000027a007d9ec0, 0x0000027a007da0c8]
Event: 0.760 Thread 0x0000027a137cc410 1317       3       java.util.zip.CRC32::update (38 bytes)
Event: 0.760 Thread 0x0000027a137cc410 nmethod 1317 0x0000027a007da210 code [0x0000027a007da400, 0x0000027a007da828]
Event: 0.760 Thread 0x0000027a137cc410 1318       3       java.util.zip.CRC32::updateBytes (14 bytes)
Event: 0.761 Thread 0x0000027a137cc410 nmethod 1318 0x0000027a007daa10 code [0x0000027a007dabe0, 0x0000027a007dafa8]
Event: 0.761 Thread 0x0000027a137cc410 1319       3       java.net.URLStreamHandler::parseURL (1124 bytes)

GC Heap History (0 events):
No events

Deoptimization events (20 events):
Event: 0.519 Thread 0x0000027a7374f9e0 Uncommon trap: trap_request=0xffffffc6 fr.pc=0x0000027a07b0a788 relative=0x00000000000002c8
Event: 0.519 Thread 0x0000027a7374f9e0 Uncommon trap: reason=bimorphic_or_optimized_type_check action=maybe_recompile pc=0x0000027a07b0a788 method=java.util.concurrent.ConcurrentHashMap.get(Ljava/lang/Object;)Ljava/lang/Object; @ 149 c2
Event: 0.519 Thread 0x0000027a7374f9e0 DEOPT PACKING pc=0x0000027a07b0a788 sp=0x00000090a4ffbb10
Event: 0.519 Thread 0x0000027a7374f9e0 DEOPT UNPACKING pc=0x0000027a00055c23 sp=0x00000090a4ffba90 mode 2
Event: 0.639 Thread 0x0000027a7374f9e0 Uncommon trap: trap_request=0xffffff45 fr.pc=0x0000027a07b26234 relative=0x00000000000002f4
Event: 0.639 Thread 0x0000027a7374f9e0 Uncommon trap: reason=unstable_if action=reinterpret pc=0x0000027a07b26234 method=java.util.regex.Pattern$SliceI.match(Ljava/util/regex/Matcher;ILjava/lang/CharSequence;)Z @ 29 c2
Event: 0.639 Thread 0x0000027a7374f9e0 DEOPT PACKING pc=0x0000027a07b26234 sp=0x00000090a4ffddc0
Event: 0.639 Thread 0x0000027a7374f9e0 DEOPT UNPACKING pc=0x0000027a00055c23 sp=0x00000090a4ffdd58 mode 2
Event: 0.750 Thread 0x0000027a7374f9e0 Uncommon trap: trap_request=0xffffffde fr.pc=0x0000027a07b1b9cc relative=0x000000000000042c
Event: 0.750 Thread 0x0000027a7374f9e0 Uncommon trap: reason=class_check action=maybe_recompile pc=0x0000027a07b1b9cc method=java.util.HashMap.putVal(ILjava/lang/Object;Ljava/lang/Object;ZZ)Ljava/lang/Object; @ 253 c2
Event: 0.750 Thread 0x0000027a7374f9e0 DEOPT PACKING pc=0x0000027a07b1b9cc sp=0x00000090a4ffdfa0
Event: 0.750 Thread 0x0000027a7374f9e0 DEOPT UNPACKING pc=0x0000027a00055c23 sp=0x00000090a4ffdf40 mode 2
Event: 0.751 Thread 0x0000027a7374f9e0 Uncommon trap: trap_request=0xffffffde fr.pc=0x0000027a07b1b9cc relative=0x000000000000042c
Event: 0.751 Thread 0x0000027a7374f9e0 Uncommon trap: reason=class_check action=maybe_recompile pc=0x0000027a07b1b9cc method=java.util.HashMap.putVal(ILjava/lang/Object;Ljava/lang/Object;ZZ)Ljava/lang/Object; @ 253 c2
Event: 0.751 Thread 0x0000027a7374f9e0 DEOPT PACKING pc=0x0000027a07b1b9cc sp=0x00000090a4ffdfa0
Event: 0.751 Thread 0x0000027a7374f9e0 DEOPT UNPACKING pc=0x0000027a00055c23 sp=0x00000090a4ffdf40 mode 2
Event: 0.758 Thread 0x0000027a7374f9e0 Uncommon trap: trap_request=0xffffff45 fr.pc=0x0000027a07b3b758 relative=0x0000000000000b78
Event: 0.758 Thread 0x0000027a7374f9e0 Uncommon trap: reason=unstable_if action=reinterpret pc=0x0000027a07b3b758 method=java.lang.Integer.compare(II)I @ 2 c2
Event: 0.758 Thread 0x0000027a7374f9e0 DEOPT PACKING pc=0x0000027a07b3b758 sp=0x00000090a4ffe4b0
Event: 0.758 Thread 0x0000027a7374f9e0 DEOPT UNPACKING pc=0x0000027a00055c23 sp=0x00000090a4ffe328 mode 2

Classes loaded (20 events):
Event: 0.740 Loading class jdk/internal/event/TLSHandshakeEvent
Event: 0.740 Loading class jdk/internal/event/TLSHandshakeEvent done
Event: 0.743 Loading class java/security/DigestException
Event: 0.743 Loading class java/security/DigestException done
Event: 0.744 Loading class javax/security/sasl/SaslException
Event: 0.744 Loading class javax/security/sasl/SaslException done
Event: 0.744 Loading class javax/security/auth/callback/UnsupportedCallbackException
Event: 0.744 Loading class javax/security/auth/callback/UnsupportedCallbackException done
Event: 0.744 Loading class javax/security/auth/login/Configuration
Event: 0.744 Loading class javax/security/auth/login/Configuration done
Event: 0.745 Loading class javax/security/auth/callback/Callback
Event: 0.745 Loading class javax/security/auth/callback/Callback done
Event: 0.745 Loading class sun/invoke/util/VerifyAccess$1
Event: 0.745 Loading class sun/invoke/util/VerifyAccess$1 done
Event: 0.749 Loading class sun/security/ssl/PostHandshakeContext
Event: 0.749 Loading class sun/security/ssl/PostHandshakeContext done
Event: 0.750 Loading class sun/security/ssl/NewSessionTicket$T13NewSessionTicketMessage
Event: 0.750 Loading class sun/security/ssl/NewSessionTicket$NewSessionTicketMessage
Event: 0.750 Loading class sun/security/ssl/NewSessionTicket$NewSessionTicketMessage done
Event: 0.750 Loading class sun/security/ssl/NewSessionTicket$T13NewSessionTicketMessage done

Classes unloaded (0 events):
No events

Classes redefined (0 events):
No events

Internal exceptions (18 events):
Event: 0.095 Thread 0x0000027a7374f9e0 Exception <a 'java/lang/ClassNotFoundException'{0x000000008be75758}: sun/awt/resources/spi/awtProvider> (0x000000008be75758) 
thrown [t:\workspace\open\src\hotspot\share\classfile\systemDictionary.cpp, line 255]
Event: 0.110 Thread 0x0000027a7374f9e0 Exception <a 'java/io/FileNotFoundException'{0x000000008becaae0}> (0x000000008becaae0) 
thrown [t:\workspace\open\src\hotspot\share\prims\jni.cpp, line 516]
Event: 0.116 Thread 0x0000027a7374f9e0 Exception <a 'java/io/FileNotFoundException'{0x000000008bef7d20}> (0x000000008bef7d20) 
thrown [t:\workspace\open\src\hotspot\share\prims\jni.cpp, line 516]
Event: 0.146 Thread 0x0000027a7374f9e0 Exception <a 'java/lang/NoSuchMethodError'{0x000000008bd41f30}: 'java.lang.Object java.lang.invoke.DirectMethodHandle$Holder.invokeStaticInit(java.lang.Object)'> (0x000000008bd41f30) 
thrown [t:\workspace\open\src\hotspot\share\interpreter\linkResolver.cpp, line 766]
Event: 0.173 Thread 0x0000027a7374f9e0 Exception <a 'java/lang/NoSuchMethodError'{0x000000008bc01d78}: 'void java.lang.invoke.DirectMethodHandle$Holder.invokeSpecial(java.lang.Object, java.lang.Object, java.lang.Object)'> (0x000000008bc01d78) 
thrown [t:\workspace\open\src\hotspot\share\interpreter\linkResolver.cpp, line 766]
Event: 0.181 Thread 0x0000027a7374f9e0 Exception <a 'java/lang/NoSuchMethodError'{0x000000008bc2cec0}: 'java.lang.Object java.lang.invoke.DirectMethodHandle$Holder.newInvokeSpecial(java.lang.Object, java.lang.Object, java.lang.Object, java.lang.Object, java.lang.Object)'> (0x000000008bc2cec0) 
thrown [t:\workspace\open\src\hotspot\share\interpreter\linkResolver.cpp, line 766]
Event: 0.188 Thread 0x0000027a7374f9e0 Exception <a 'java/lang/NoSuchMethodError'{0x000000008bc5e9d0}: 'java.lang.Object java.lang.invoke.DirectMethodHandle$Holder.invokeStatic(java.lang.Object, int, java.lang.Object)'> (0x000000008bc5e9d0) 
thrown [t:\workspace\open\src\hotspot\share\interpreter\linkResolver.cpp, line 766]
Event: 0.206 Thread 0x0000027a7374f9e0 Exception <a 'java/lang/ClassNotFoundException'{0x000000008bb1c288}: com/sun/swing/internal/plaf/metal/resources/spi/metalProvider> (0x000000008bb1c288) 
thrown [t:\workspace\open\src\hotspot\share\classfile\systemDictionary.cpp, line 255]
Event: 0.207 Thread 0x0000027a7374f9e0 Exception <a 'java/lang/ClassNotFoundException'{0x000000008bb20440}: com/sun/swing/internal/plaf/basic/resources/spi/basicProvider> (0x000000008bb20440) 
thrown [t:\workspace\open\src\hotspot\share\classfile\systemDictionary.cpp, line 255]
Event: 0.215 Thread 0x0000027a7374f9e0 Exception <a 'java/lang/NoSuchMethodError'{0x000000008bb40e28}: 'int java.lang.invoke.Invokers$Holder.invokeExact_MT(java.lang.Object, java.lang.Object)'> (0x000000008bb40e28) 
thrown [t:\workspace\open\src\hotspot\share\interpreter\linkResolver.cpp, line 766]
Event: 0.248 Thread 0x0000027a7374f9e0 Exception <a 'java/lang/NoSuchMethodError'{0x000000008baa5430}: 'java.lang.Object java.lang.invoke.DirectMethodHandle$Holder.invokeInterface(java.lang.Object, java.lang.Object)'> (0x000000008baa5430) 
thrown [t:\workspace\open\src\hotspot\share\interpreter\linkResolver.cpp, line 766]
Event: 0.269 Thread 0x0000027a7374f9e0 Exception <a 'java/lang/NoSuchMethodError'{0x000000008b92c098}: 'void java.lang.invoke.DirectMethodHandle$Holder.invokeStatic(java.lang.Object, java.lang.Object, java.lang.Object)'> (0x000000008b92c098) 
thrown [t:\workspace\open\src\hotspot\share\interpreter\linkResolver.cpp, line 766]
Event: 0.270 Thread 0x0000027a7374f9e0 Exception <a 'java/lang/NoSuchMethodError'{0x000000008b936380}: 'java.lang.Object java.lang.invoke.DirectMethodHandle$Holder.invokeVirtual(java.lang.Object, java.lang.Object, java.lang.Object)'> (0x000000008b936380) 
thrown [t:\workspace\open\src\hotspot\share\interpreter\linkResolver.cpp, line 766]
Event: 0.340 Thread 0x0000027a7374f9e0 Exception <a 'java/lang/NoSuchMethodError'{0x000000008b64e4e8}: 'void java.lang.invoke.DirectMethodHandle$Holder.invokeStatic(java.lang.Object, java.lang.Object)'> (0x000000008b64e4e8) 
thrown [t:\workspace\open\src\hotspot\share\interpreter\linkResolver.cpp, line 766]
Event: 0.425 Thread 0x0000027a7374f9e0 Exception <a 'java/lang/NoSuchMethodError'{0x000000008b4e0700}: 'void java.lang.invoke.DirectMethodHandle$Holder.invokeStaticInit(java.lang.Object, java.lang.Object)'> (0x000000008b4e0700) 
thrown [t:\workspace\open\src\hotspot\share\interpreter\linkResolver.cpp, line 766]
Event: 0.504 Thread 0x0000027a7374f9e0 Exception <a 'sun/nio/fs/WindowsException'{0x000000008b2f8df8}> (0x000000008b2f8df8) 
thrown [t:\workspace\open\src\hotspot\share\prims\jni.cpp, line 516]
Event: 0.539 Thread 0x0000027a7374f9e0 Exception <a 'java/lang/NoSuchMethodError'{0x000000008b041c50}: 'java.lang.Object java.lang.invoke.DirectMethodHandle$Holder.invokeStaticInit(java.lang.Object, int, int, int, int)'> (0x000000008b041c50) 
thrown [t:\workspace\open\src\hotspot\share\interpreter\linkResolver.cpp, line 766]
Event: 0.598 Thread 0x0000027a7374f9e0 Exception <a 'java/lang/NoSuchMethodError'{0x000000008b087260}: 'java.lang.Object java.lang.invoke.DirectMethodHandle$Holder.invokeStaticInit(java.lang.Object, java.lang.Object, int, int, int, int)'> (0x000000008b087260) 
thrown [t:\workspace\open\src\hotspot\share\interpreter\linkResolver.cpp, line 766]

VM Operations (12 events):
Event: 0.206 Executing VM operation: HandshakeAllThreads
Event: 0.206 Executing VM operation: HandshakeAllThreads done
Event: 0.218 Executing VM operation: HandshakeAllThreads
Event: 0.218 Executing VM operation: HandshakeAllThreads done
Event: 0.223 Executing VM operation: HandshakeAllThreads
Event: 0.223 Executing VM operation: HandshakeAllThreads done
Event: 0.328 Executing VM operation: HandshakeAllThreads
Event: 0.328 Executing VM operation: HandshakeAllThreads done
Event: 0.510 Executing VM operation: HandshakeAllThreads
Event: 0.510 Executing VM operation: HandshakeAllThreads done
Event: 0.615 Executing VM operation: ICBufferFull
Event: 0.615 Executing VM operation: ICBufferFull done

Events (20 events):
Event: 0.046 Thread 0x0000027a137b5de0 Thread added: 0x0000027a137b5de0
Event: 0.046 Thread 0x0000027a137b86a0 Thread added: 0x0000027a137b86a0
Event: 0.046 Thread 0x0000027a137bd7d0 Thread added: 0x0000027a137bd7d0
Event: 0.046 Thread 0x0000027a137c3b10 Thread added: 0x0000027a137c3b10
Event: 0.046 Thread 0x0000027a137cc410 Thread added: 0x0000027a137cc410
Event: 0.046 Thread 0x0000027a137ced10 Thread added: 0x0000027a137ced10
Event: 0.061 Thread 0x0000027a17c981e0 Thread added: 0x0000027a17c981e0
Event: 0.064 Thread 0x0000027a17cc0940 Thread added: 0x0000027a17cc0940
Event: 0.077 Loaded shared library C:\Program Files\Java\jdk-18\bin\jimage.dll
Event: 0.084 Loaded shared library C:\Program Files\Java\jdk-18\bin\net.dll
Event: 0.087 Loaded shared library C:\Program Files\Java\jdk-18\bin\nio.dll
Event: 0.091 Loaded shared library C:\Program Files\Java\jdk-18\bin\zip.dll
Event: 0.102 Loaded shared library C:\Program Files\Java\jdk-18\bin\awt.dll
Event: 0.147 Thread 0x0000027a17ed3ae0 Thread added: 0x0000027a17ed3ae0
Event: 0.147 Thread 0x0000027a17d30380 Thread added: 0x0000027a17d30380
Event: 0.148 Thread 0x0000027a17ea6000 Thread added: 0x0000027a17ea6000
Event: 0.224 Thread 0x0000027a17f50de0 Thread added: 0x0000027a17f50de0
Event: 0.259 Thread 0x0000027a17f728d0 Thread added: 0x0000027a17f728d0
Event: 0.453 Loaded shared library C:\Program Files\Java\jdk-18\bin\sunmscapi.dll
Event: 0.692 Thread 0x0000027a17f72de0 Thread added: 0x0000027a17f72de0


Dynamic libraries:
0x00007ff7bc670000 - 0x00007ff7bc680000 	C:\Program Files\Java\jdk-18\bin\javaw.exe
0x00007ffeaf580000 - 0x00007ffeaf789000 	C:\WINDOWS\SYSTEM32\ntdll.dll
0x00007ffeadee0000 - 0x00007ffeadf9d000 	C:\WINDOWS\System32\KERNEL32.DLL
0x00007ffeaca90000 - 0x00007ffeace09000 	C:\WINDOWS\System32\KERNELBASE.dll
0x00007ffeace10000 - 0x00007ffeacf21000 	C:\WINDOWS\System32\ucrtbase.dll
0x00007ffea8530000 - 0x00007ffea854a000 	C:\Program Files\Java\jdk-18\bin\VCRUNTIME140.dll
0x00007ffea8580000 - 0x00007ffea8598000 	C:\Program Files\Java\jdk-18\bin\jli.dll
0x00007ffead4c0000 - 0x00007ffead56e000 	C:\WINDOWS\System32\ADVAPI32.dll
0x00007ffead720000 - 0x00007ffead7c3000 	C:\WINDOWS\System32\msvcrt.dll
0x00007ffead980000 - 0x00007ffeada1e000 	C:\WINDOWS\System32\sechost.dll
0x00007ffeae650000 - 0x00007ffeae770000 	C:\WINDOWS\System32\RPCRT4.dll
0x00007ffead7d0000 - 0x00007ffead97c000 	C:\WINDOWS\System32\USER32.dll
0x00007ffeaca60000 - 0x00007ffeaca86000 	C:\WINDOWS\System32\win32u.dll
0x00007ffead410000 - 0x00007ffead439000 	C:\WINDOWS\System32\GDI32.dll
0x00007ffe95cc0000 - 0x00007ffe95f65000 	C:\WINDOWS\WinSxS\amd64_microsoft.windows.common-controls_6595b64144ccf1df_6.0.22000.120_none_9d947278b86cc467\COMCTL32.dll
0x00007ffead280000 - 0x00007ffead392000 	C:\WINDOWS\System32\gdi32full.dll
0x00007ffead120000 - 0x00007ffead1bd000 	C:\WINDOWS\System32\msvcp_win.dll
0x00007ffea3a50000 - 0x00007ffea3a5a000 	C:\WINDOWS\SYSTEM32\VERSION.dll
0x00007ffeae790000 - 0x00007ffeae7c1000 	C:\WINDOWS\System32\IMM32.DLL
0x00007ffea8520000 - 0x00007ffea852c000 	C:\Program Files\Java\jdk-18\bin\vcruntime140_1.dll
0x00007ffe83ea0000 - 0x00007ffe83f2d000 	C:\Program Files\Java\jdk-18\bin\msvcp140.dll
0x00007ffe0f3d0000 - 0x00007ffe0ffe1000 	C:\Program Files\Java\jdk-18\bin\server\jvm.dll
0x00007ffeae7d0000 - 0x00007ffeae7d8000 	C:\WINDOWS\System32\PSAPI.DLL
0x00007ffe60300000 - 0x00007ffe60309000 	C:\WINDOWS\SYSTEM32\WSOCK32.dll
0x00007ffea4ff0000 - 0x00007ffea5023000 	C:\WINDOWS\SYSTEM32\WINMM.dll
0x00007ffeaf4d0000 - 0x00007ffeaf53f000 	C:\WINDOWS\System32\WS2_32.dll
0x00007ffeabbe0000 - 0x00007ffeabbf8000 	C:\WINDOWS\SYSTEM32\kernel.appcore.dll
0x00007ffe971c0000 - 0x00007ffe971ca000 	C:\Program Files\Java\jdk-18\bin\jimage.dll
0x00007ffeaa490000 - 0x00007ffeaa6b1000 	C:\WINDOWS\SYSTEM32\DBGHELP.DLL
0x00007ffe9e920000 - 0x00007ffe9e951000 	C:\WINDOWS\SYSTEM32\dbgcore.DLL
0x00007ffeacf30000 - 0x00007ffeacfaf000 	C:\WINDOWS\System32\bcryptPrimitives.dll
0x00007ffe7e2d0000 - 0x00007ffe7e2f5000 	C:\Program Files\Java\jdk-18\bin\java.dll
0x00007ffe2f810000 - 0x00007ffe2f8e6000 	C:\Program Files\Java\jdk-18\bin\jsvml.dll
0x00007ffeae930000 - 0x00007ffeaf0e8000 	C:\WINDOWS\System32\SHELL32.dll
0x00007ffeaab90000 - 0x00007ffeab3f8000 	C:\WINDOWS\SYSTEM32\windows.storage.dll
0x00007ffeaf150000 - 0x00007ffeaf4c9000 	C:\WINDOWS\System32\combase.dll
0x00007ffeaaa20000 - 0x00007ffeaab86000 	C:\WINDOWS\SYSTEM32\wintypes.dll
0x00007ffeadb30000 - 0x00007ffeadc1a000 	C:\WINDOWS\System32\SHCORE.dll
0x00007ffeae8d0000 - 0x00007ffeae92d000 	C:\WINDOWS\System32\shlwapi.dll
0x00007ffeac990000 - 0x00007ffeac9b1000 	C:\WINDOWS\SYSTEM32\profapi.dll
0x00007ffe8afd0000 - 0x00007ffe8afe3000 	C:\Program Files\Java\jdk-18\bin\net.dll
0x00007ffea7020000 - 0x00007ffea712c000 	C:\WINDOWS\SYSTEM32\WINHTTP.dll
0x00007ffeac080000 - 0x00007ffeac0e7000 	C:\WINDOWS\system32\mswsock.dll
0x00007ffe871f0000 - 0x00007ffe87206000 	C:\Program Files\Java\jdk-18\bin\nio.dll
0x00007ffe87100000 - 0x00007ffe87118000 	C:\Program Files\Java\jdk-18\bin\zip.dll
0x00007ffe69bf0000 - 0x00007ffe69d7f000 	C:\Program Files\Java\jdk-18\bin\awt.dll
0x00007ffeae7e0000 - 0x00007ffeae8b6000 	C:\WINDOWS\System32\OLEAUT32.dll
0x00007ffea9b40000 - 0x00007ffea9bd1000 	C:\WINDOWS\SYSTEM32\apphelp.dll
0x00007ffea9f50000 - 0x00007ffea9f7f000 	C:\WINDOWS\system32\DWMAPI.DLL
0x00007ffea9cb0000 - 0x00007ffea9d5c000 	C:\WINDOWS\system32\uxtheme.dll
0x00007ffe88230000 - 0x00007ffe88331000 	C:\WINDOWS\system32\opengl32.dll
0x00007ffe88d50000 - 0x00007ffe88d7d000 	C:\WINDOWS\SYSTEM32\GLU32.dll
0x00007ffea9ee0000 - 0x00007ffea9f18000 	C:\WINDOWS\SYSTEM32\dxcore.dll
0x00007ffeaddc0000 - 0x00007ffeadede000 	C:\WINDOWS\System32\MSCTF.dll
0x00007ffeadc20000 - 0x00007ffeaddba000 	C:\WINDOWS\System32\ole32.dll
0x00007ffeab670000 - 0x00007ffeab758000 	C:\WINDOWS\SYSTEM32\DNSAPI.dll
0x00007ffeab640000 - 0x00007ffeab66d000 	C:\WINDOWS\SYSTEM32\IPHLPAPI.DLL
0x00007ffeadb20000 - 0x00007ffeadb29000 	C:\WINDOWS\System32\NSI.dll
0x00007ffea2170000 - 0x00007ffea217a000 	C:\Windows\System32\rasadhlp.dll
0x00007ffea4020000 - 0x00007ffea40a1000 	C:\WINDOWS\System32\fwpuclnt.dll
0x00007ffe8f0d0000 - 0x00007ffe8f0de000 	C:\Program Files\Java\jdk-18\bin\sunmscapi.dll
0x00007ffeacfb0000 - 0x00007ffead112000 	C:\WINDOWS\System32\CRYPT32.dll
0x00007ffeac410000 - 0x00007ffeac438000 	C:\WINDOWS\SYSTEM32\ncrypt.dll
0x00007ffeac3d0000 - 0x00007ffeac407000 	C:\WINDOWS\SYSTEM32\NTASN1.dll
0x00007ffeac2c0000 - 0x00007ffeac2d8000 	C:\WINDOWS\SYSTEM32\CRYPTSP.dll
0x00007ffeabb30000 - 0x00007ffeabb65000 	C:\WINDOWS\system32\rsaenh.dll
0x00007ffeac170000 - 0x00007ffeac199000 	C:\WINDOWS\SYSTEM32\USERENV.dll
0x00007ffeac440000 - 0x00007ffeac467000 	C:\WINDOWS\SYSTEM32\bcrypt.dll
0x00007ffeac2e0000 - 0x00007ffeac2ec000 	C:\WINDOWS\SYSTEM32\CRYPTBASE.dll
0x00007ffea6dd0000 - 0x00007ffea6de9000 	C:\WINDOWS\SYSTEM32\dhcpcsvc6.DLL
0x00007ffea7d00000 - 0x00007ffea7d1e000 	C:\WINDOWS\SYSTEM32\dhcpcsvc.DLL

dbghelp: loaded successfully - version: 4.0.5 - missing functions: none
symbol engine: initialized successfully - sym options: 0x614 - pdb path: .;C:\Program Files\Java\jdk-18\bin;C:\WINDOWS\SYSTEM32;C:\WINDOWS\WinSxS\amd64_microsoft.windows.common-controls_6595b64144ccf1df_6.0.22000.120_none_9d947278b86cc467;C:\Program Files\Java\jdk-18\bin\server

VM Arguments:
jvm_args: -Dfile.encoding=UTF-8 -XX:+ShowCodeDetailsInExceptionMessages 
java_command: splash
java_class_path (initial): D:\javacbp\Electricity\bin;C:\Program Files (x86)\MySQL\Connector J 8.0\mysql-connector-java-8.0.29.jar
Launcher Type: SUN_STANDARD

[Global flags]
     intx CICompilerCount                          = 4                                         {product} {ergonomic}
     uint ConcGCThreads                            = 2                                         {product} {ergonomic}
     uint G1ConcRefinementThreads                  = 8                                         {product} {ergonomic}
   size_t G1HeapRegionSize                         = 1048576                                   {product} {ergonomic}
    uintx GCDrainStackTargetSize                   = 64                                        {product} {ergonomic}
   size_t InitialHeapSize                          = 130023424                                 {product} {ergonomic}
   size_t MarkStackSize                            = 4194304                                   {product} {ergonomic}
   size_t MaxHeapSize                              = 2076180480                                {product} {ergonomic}
   size_t MaxNewSize                               = 1245708288                                {product} {ergonomic}
   size_t MinHeapDeltaBytes                        = 1048576                                   {product} {ergonomic}
   size_t MinHeapSize                              = 8388608                                   {product} {ergonomic}
    uintx NonNMethodCodeHeapSize                   = 5839372                                {pd product} {ergonomic}
    uintx NonProfiledCodeHeapSize                  = 122909434                              {pd product} {ergonomic}
    uintx ProfiledCodeHeapSize                     = 122909434                              {pd product} {ergonomic}
    uintx ReservedCodeCacheSize                    = 251658240                              {pd product} {ergonomic}
     bool SegmentedCodeCache                       = true                                      {product} {ergonomic}
     bool ShowCodeDetailsInExceptionMessages       = true                                   {manageable} {command line}
   size_t SoftMaxHeapSize                          = 2076180480                             {manageable} {ergonomic}
     bool UseCompressedClassPointers               = true                           {product lp64_product} {ergonomic}
     bool UseCompressedOops                        = true                           {product lp64_product} {ergonomic}
     bool UseG1GC                                  = true                                      {product} {ergonomic}
     bool UseLargePagesIndividualAllocation        = false                                  {pd product} {ergonomic}

Logging:
Log output configuration:
 #0: stdout all=warning uptime,level,tags foldmultilines=false
 #1: stderr all=off uptime,level,tags foldmultilines=false

Environment Variables:
PATH=C:/Program Files/Java/jdk-18/bin/server;C:/Program Files/Java/jdk-18/bin;C:\WINDOWS\system32;C:\WINDOWS;C:\WINDOWS\System32\Wbem;C:\WINDOWS\System32\WindowsPowerShell\v1.0\;C:\WINDOWS\System32\OpenSSH\;C:\ProgramData\chocolatey\bin;C:\Program Files\nodejs\;C:\Program Files\dotnet\;C:\Program Files\Java\jdk-18\bin;C:\Program Files\Git\cmd;C:\Program Files\MySQL\MySQL Shell 8.0\bin\;C:\Python\Scripts\;C:\Python\;C:\Users\DELL\AppData\Local\Microsoft\WindowsApps;C:\Users\DELL\AppData\Roaming\npm;C:\Users\DELL\AppData\Local\Programs\Microsoft VS Code\bin;C:\MinGW\bin;;C:\Users\DELL\OneDrive\Desktop;
USERNAME=DELL
OS=Windows_NT
PROCESSOR_IDENTIFIER=Intel64 Family 6 Model 140 Stepping 1, GenuineIntel



---------------  S Y S T E M  ---------------

OS:
 Windows 11 , 64 bit Build 22000 (10.0.22000.708)
OS uptime: 1 days 8:03 hours

CPU: total 8 (initial active 8) (4 cores per cpu, 2 threads per core) family 6 model 140 stepping 1 microcode 0xa4, cx8, cmov, fxsr, ht, mmx, 3dnowpref, sse, sse2, sse3, ssse3, sse4.1, sse4.2, popcnt, lzcnt, tsc, tscinvbit, avx, avx2, aes, erms, clmul, bmi1, bmi2, adx, avx512f, avx512dq, avx512cd, avx512bw, avx512vl, sha, fma, vzeroupper, avx512_vpopcntdq, avx512_vpclmulqdq, avx512_vaes, avx512_vnni, clflush, clflushopt, clwb, avx512_vbmi2, avx512_vbmi

Memory: 4k page, system-wide physical 7914M (853M free)
TotalPageFile size 32490M (AvailPageFile size 2M)
current process WorkingSet (physical memory assigned to process): 81M, peak: 81M
current process commit charge ("private bytes"): 230M, peak: 230M

vm_info: Java HotSpot(TM) 64-Bit Server VM (18+36-2087) for windows-amd64 JRE (18+36-2087), built on Feb 15 2022 09:43:11 by "mach5one" with MS VC++ 16.8 / 16.9 (VS2019)

END.
